<?xml version="1.0" encoding="UTF-8"?>
<!-- Generated by org.testng.reporters.JUnitXMLReporter -->
<testsuite ignored="0" hostname="LAPTOP-NEO5FTIU" failures="0" tests="3" name="Default test" time="24.789" errors="0" timestamp="2021-12-07T19:51:57 EST">
  <testcase classname="TestngBasics.facebookLogin" name="FacebookLogin" time="0.229"/>
  <testcase classname="TestngBasics.facebookLogin" name="forgotpassword" time="1.399"/>
  <testcase classname="TestngBasics.facebookLogin" name="createAccount" time="8.642"/>
</testsuite> <!-- Default test -->
