<?xml version="1.0" encoding="UTF-8"?>
<testng-results ignored="0" total="3" passed="3" failed="0" skipped="0">
  <reporter-output>
  </reporter-output>
  <suite started-at="2021-12-07T19:51:32 EST" name="Default suite" finished-at="2021-12-07T19:51:57 EST" duration-ms="24789">
    <groups>
    </groups>
    <test started-at="2021-12-07T19:51:32 EST" name="Default test" finished-at="2021-12-07T19:51:57 EST" duration-ms="24789">
      <class name="TestngBasics.facebookLogin">
        <test-method is-config="true" signature="setup()[pri:0, instance:TestngBasics.facebookLogin@4cc8eb05]" started-at="2021-12-07T19:51:32 EST" name="setup" finished-at="2021-12-07T19:51:35 EST" duration-ms="3177" status="PASS">
          <reporter-output>
          </reporter-output>
        </test-method> <!-- setup -->
        <test-method signature="FacebookLogin()[pri:1, instance:TestngBasics.facebookLogin@4cc8eb05]" started-at="2021-12-07T19:51:35 EST" name="FacebookLogin" finished-at="2021-12-07T19:51:35 EST" duration-ms="229" status="PASS">
          <reporter-output>
          </reporter-output>
        </test-method> <!-- FacebookLogin -->
        <test-method is-config="true" signature="teardown()[pri:0, instance:TestngBasics.facebookLogin@4cc8eb05]" started-at="2021-12-07T19:51:35 EST" name="teardown" finished-at="2021-12-07T19:51:37 EST" duration-ms="2169" status="PASS">
          <reporter-output>
          </reporter-output>
        </test-method> <!-- teardown -->
        <test-method is-config="true" signature="setup()[pri:0, instance:TestngBasics.facebookLogin@4cc8eb05]" started-at="2021-12-07T19:51:37 EST" name="setup" finished-at="2021-12-07T19:51:40 EST" duration-ms="2389" status="PASS">
          <reporter-output>
          </reporter-output>
        </test-method> <!-- setup -->
        <test-method signature="forgotpassword()[pri:2, instance:TestngBasics.facebookLogin@4cc8eb05]" started-at="2021-12-07T19:51:40 EST" name="forgotpassword" finished-at="2021-12-07T19:51:41 EST" duration-ms="1399" status="PASS">
          <reporter-output>
          </reporter-output>
        </test-method> <!-- forgotpassword -->
        <test-method is-config="true" signature="teardown()[pri:0, instance:TestngBasics.facebookLogin@4cc8eb05]" started-at="2021-12-07T19:51:41 EST" name="teardown" finished-at="2021-12-07T19:51:43 EST" duration-ms="2171" status="PASS">
          <reporter-output>
          </reporter-output>
        </test-method> <!-- teardown -->
        <test-method is-config="true" signature="setup()[pri:0, instance:TestngBasics.facebookLogin@4cc8eb05]" started-at="2021-12-07T19:51:43 EST" name="setup" finished-at="2021-12-07T19:51:46 EST" duration-ms="2393" status="PASS">
          <reporter-output>
          </reporter-output>
        </test-method> <!-- setup -->
        <test-method signature="createAccount()[pri:3, instance:TestngBasics.facebookLogin@4cc8eb05]" started-at="2021-12-07T19:51:46 EST" name="createAccount" finished-at="2021-12-07T19:51:54 EST" duration-ms="8642" status="PASS">
          <reporter-output>
          </reporter-output>
        </test-method> <!-- createAccount -->
        <test-method is-config="true" signature="teardown()[pri:0, instance:TestngBasics.facebookLogin@4cc8eb05]" started-at="2021-12-07T19:51:54 EST" name="teardown" finished-at="2021-12-07T19:51:57 EST" duration-ms="2161" status="PASS">
          <reporter-output>
          </reporter-output>
        </test-method> <!-- teardown -->
      </class> <!-- TestngBasics.facebookLogin -->
    </test> <!-- Default test -->
  </suite> <!-- Default suite -->
</testng-results>
